*** Using Compiler 'V6.15', folder: 'C:\Keil_v5\ARM\ARMCLANG\Bin'
Build target 'nor_sdram_zf_dtcm'
compiling waysearch.c...
compiling basicfilter.c...
compiling main.c...
../../libraries/datastructure/queue.c(17): warning: non-void function does not return a value [-Wreturn-type]
}
^
1 warning generated.
compiling queue.c...
compiling communication.c...
compiling isr.c...
compiling motor.c...
compiling unitest.c...
compiling solvehelper.c...
compiling imufilter.c...
../code/location.c(204): warning: non-void function does not return a value in all control paths [-Wreturn-type]
}
^
1 warning generated.
compiling location.c...
compiling img_process.c...
linking...
Program Size: Code=60648 RO-data=7532 RW-data=232 ZI-data=11948  
".\Objects\rt1064.axf" - 0 Error(s), 2 Warning(s).
Build Time Elapsed:  00:00:02
